<?xml version="1.0" encoding="UTF-8"?>
<!-- Generated by org.testng.reporters.JUnitXMLReporter -->
<testsuite hostname="PUNHJW256997L" name="Absa Online Banking Test" tests="3" failures="0" timestamp="15 Jun 2020 10:36:47 GMT" time="44.052" errors="0">
  <testcase name="loginUserTest" time="1.531" classname="co.za.absa.Test.LoginPageTest"/>
  <testcase name="enterParaPhraseTest" time="10.993" classname="co.za.absa.Test.SplitPasswordPageTest">
    <skipped/>
  </testcase> <!-- enterParaPhraseTest -->
  <testcase name="enterParaPhraseTest" time="3.4" classname="co.za.absa.Test.SplitPasswordPageTest"/>
</testsuite> <!-- Absa Online Banking Test -->
