<?xml version="1.0" encoding="UTF-8"?>
<!-- Generated by org.testng.reporters.JUnitXMLReporter -->
<testsuite hostname="PUNHJW256997L" ignored="0" name="Command line test" tests="2" failures="1" timestamp="26 Apr 2020 16:14:09 GMT" time="18.347" errors="0">
  <testcase name="loginUser" time="1.323" classname="co.za.absa.Test.LoginPageTest"/>
  <testcase name="enterPara" time="1.826" classname="co.za.absa.Test.SplitPasswordPageTest">
    <failure type="java.lang.NullPointerException">
      <![CDATA[java.lang.NullPointerException
at com.relevantcodes.extentreports.ExtentTest.isPathRelative(ExtentTest.java:502)
at com.relevantcodes.extentreports.ExtentTest.addScreenCapture(ExtentTest.java:287)
at co.za.absa.Test.SplitPasswordPageTest.enterPara(SplitPasswordPageTest.java:56)
at co.za.absa.Test.TestRunner.main(TestRunner.java:15)
... Removed 22 stack frames]]>
    </failure>
  </testcase> <!-- enterPara -->
</testsuite> <!-- Command line test -->
