<?xml version="1.0" encoding="UTF-8"?>
<testng-results skipped="0" failed="0" total="1" passed="1">
  <reporter-output>
  </reporter-output>
  <suite name="Absa Online Banking" duration-ms="8677" started-at="2020-04-01T20:09:26Z" finished-at="2020-04-01T20:09:34Z">
    <groups>
    </groups>
    <test name="Absa Online Banking Test" duration-ms="8677" started-at="2020-04-01T20:09:26Z" finished-at="2020-04-01T20:09:34Z">
      <class name="co.za.absa.Test.LoginPageTest">
        <test-method status="PASS" signature="setUp()[pri:0, instance:co.za.absa.Test.LoginPageTest@89745e31]" name="setUp" is-config="true" duration-ms="7667" started-at="2020-04-02T01:39:26Z" finished-at="2020-04-02T01:39:33Z">
          <reporter-output>
          </reporter-output>
        </test-method> <!-- setUp -->
        <test-method status="PASS" signature="loginUser(java.lang.String, java.lang.String)[pri:0, instance:co.za.absa.Test.LoginPageTest@89745e31]" name="loginUser" duration-ms="975" started-at="2020-04-02T01:39:33Z" finished-at="2020-04-02T01:39:34Z">
          <params>
            <param index="0">
              <value>
                <![CDATA[4096492154]]>
              </value>
            </param>
            <param index="1">
              <value>
                <![CDATA[10024]]>
              </value>
            </param>
          </params>
          <reporter-output>
          </reporter-output>
        </test-method> <!-- loginUser -->
        <test-method status="PASS" signature="tearDown()[pri:0, instance:co.za.absa.Test.LoginPageTest@89745e31]" name="tearDown" is-config="true" duration-ms="0" started-at="2020-04-02T01:39:34Z" finished-at="2020-04-02T01:39:34Z">
          <reporter-output>
          </reporter-output>
        </test-method> <!-- tearDown -->
      </class> <!-- co.za.absa.Test.LoginPageTest -->
    </test> <!-- Absa Online Banking Test -->
  </suite> <!-- Absa Online Banking -->
</testng-results>
