<?xml version="1.0" encoding="UTF-8"?>
<testng-results skipped="0" failed="1" ignored="0" total="2" passed="1">
  <reporter-output>
  </reporter-output>
  <suite name="Command line suite" duration-ms="18347" started-at="2020-04-26T16:13:51Z" finished-at="2020-04-26T16:14:09Z">
    <groups>
    </groups>
    <test name="Command line test" duration-ms="18347" started-at="2020-04-26T16:13:51Z" finished-at="2020-04-26T16:14:09Z">
      <class name="co.za.absa.Test.SplitPasswordPageTest">
        <test-method status="PASS" signature="setUp(java.lang.String, java.lang.String)[pri:0, instance:co.za.absa.Test.SplitPasswordPageTest@19b0e70a]" name="setUp" is-config="true" duration-ms="6482" started-at="2020-04-26T16:14:00Z" finished-at="2020-04-26T16:14:07Z">
          <params>
            <param index="0">
              <value>
                <![CDATA[9050955490]]>
              </value>
            </param>
            <param index="1">
              <value>
                <![CDATA[55490]]>
              </value>
            </param>
          </params>
          <reporter-output>
          </reporter-output>
        </test-method> <!-- setUp -->
        <test-method status="FAIL" signature="enterPara(java.lang.String)[pri:0, instance:co.za.absa.Test.SplitPasswordPageTest@19b0e70a]" name="enterPara" duration-ms="1826" started-at="2020-04-26T16:14:07Z" finished-at="2020-04-26T16:14:09Z">
          <params>
            <param index="0">
              <value>
                <![CDATA[password1]]>
              </value>
            </param>
          </params>
          <exception class="java.lang.NullPointerException">
            <full-stacktrace>
              <![CDATA[java.lang.NullPointerException
at com.relevantcodes.extentreports.ExtentTest.isPathRelative(ExtentTest.java:502)
at com.relevantcodes.extentreports.ExtentTest.addScreenCapture(ExtentTest.java:287)
at co.za.absa.Test.SplitPasswordPageTest.enterPara(SplitPasswordPageTest.java:56)
at sun.reflect.NativeMethodAccessorImpl.invoke0(Native Method)
at sun.reflect.NativeMethodAccessorImpl.invoke(NativeMethodAccessorImpl.java:62)
at sun.reflect.DelegatingMethodAccessorImpl.invoke(DelegatingMethodAccessorImpl.java:43)
at java.lang.reflect.Method.invoke(Method.java:498)
at org.testng.internal.MethodInvocationHelper.invokeMethod(MethodInvocationHelper.java:124)
at org.testng.internal.Invoker.invokeMethod(Invoker.java:583)
at org.testng.internal.Invoker.invokeTestMethod(Invoker.java:719)
at org.testng.internal.Invoker.invokeTestMethods(Invoker.java:989)
at org.testng.internal.TestMethodWorker.invokeTestMethods(TestMethodWorker.java:125)
at org.testng.internal.TestMethodWorker.run(TestMethodWorker.java:109)
at org.testng.TestRunner.privateRun(TestRunner.java:648)
at org.testng.TestRunner.run(TestRunner.java:505)
at org.testng.SuiteRunner.runTest(SuiteRunner.java:455)
at org.testng.SuiteRunner.runSequentially(SuiteRunner.java:450)
at org.testng.SuiteRunner.privateRun(SuiteRunner.java:415)
at org.testng.SuiteRunner.run(SuiteRunner.java:364)
at org.testng.SuiteRunnerWorker.runSuite(SuiteRunnerWorker.java:52)
at org.testng.SuiteRunnerWorker.run(SuiteRunnerWorker.java:84)
at org.testng.TestNG.runSuitesSequentially(TestNG.java:1208)
at org.testng.TestNG.runSuitesLocally(TestNG.java:1137)
at org.testng.TestNG.runSuites(TestNG.java:1049)
at org.testng.TestNG.run(TestNG.java:1017)
at co.za.absa.Test.TestRunner.main(TestRunner.java:15)
]]>
            </full-stacktrace>
          </exception> <!-- java.lang.NullPointerException -->
          <reporter-output>
          </reporter-output>
        </test-method> <!-- enterPara -->
      </class> <!-- co.za.absa.Test.SplitPasswordPageTest -->
      <class name="co.za.absa.Test.LoginPageTest">
        <test-method status="PASS" signature="setUp()[pri:0, instance:co.za.absa.Test.LoginPageTest@73b1ea93]" name="setUp" is-config="true" duration-ms="7039" started-at="2020-04-26T16:13:51Z" finished-at="2020-04-26T16:13:58Z">
          <reporter-output>
          </reporter-output>
        </test-method> <!-- setUp -->
        <test-method status="PASS" signature="loginUser(java.lang.String, java.lang.String)[pri:0, instance:co.za.absa.Test.LoginPageTest@73b1ea93]" name="loginUser" duration-ms="1323" started-at="2020-04-26T16:13:58Z" finished-at="2020-04-26T16:13:59Z">
          <params>
            <param index="0">
              <value>
                <![CDATA[9050955490]]>
              </value>
            </param>
            <param index="1">
              <value>
                <![CDATA[55490]]>
              </value>
            </param>
          </params>
          <reporter-output>
          </reporter-output>
        </test-method> <!-- loginUser -->
        <test-method status="PASS" signature="tearDown(org.testng.ITestResult)[pri:0, instance:co.za.absa.Test.LoginPageTest@73b1ea93]" name="tearDown" is-config="true" duration-ms="1165" started-at="2020-04-26T16:13:59Z" finished-at="2020-04-26T16:14:00Z">
          <params>
            <param index="0">
              <value>
                <![CDATA[[TestResult name=loginUser status=SUCCESS method=LoginPageTest.loginUser(java.lang.String, java.lang.String)[pri:0, instance:co.za.absa.Test.LoginPageTest@73b1ea93] output={null}]]]>
              </value>
            </param>
          </params>
          <reporter-output>
          </reporter-output>
        </test-method> <!-- tearDown -->
        <test-method status="PASS" signature="flushReport()[pri:0, instance:co.za.absa.Test.LoginPageTest@73b1ea93]" name="flushReport" is-config="true" duration-ms="417" started-at="2020-04-26T16:14:09Z" finished-at="2020-04-26T16:14:09Z">
          <reporter-output>
          </reporter-output>
        </test-method> <!-- flushReport -->
        <test-method status="PASS" signature="flushReport()[pri:0, instance:co.za.absa.Test.SplitPasswordPageTest@19b0e70a]" name="flushReport" is-config="true" duration-ms="69" started-at="2020-04-26T16:14:09Z" finished-at="2020-04-26T16:14:09Z">
          <reporter-output>
          </reporter-output>
        </test-method> <!-- flushReport -->
      </class> <!-- co.za.absa.Test.LoginPageTest -->
    </test> <!-- Command line test -->
  </suite> <!-- Command line suite -->
</testng-results>
